C51 COMPILER V9.60.0.0   WIEGAND                                                           06/30/2022 17:34:33 PAGE 1   


C51 COMPILER V9.60.0.0, COMPILATION OF MODULE WIEGAND
OBJECT MODULE PLACED IN .\Objects\wiegand.obj
COMPILER INVOKED BY: C:\Program Files\Keil_v5\C51\BIN\C51.EXE Drivers\Src\wiegand.c OPTIMIZE(8,SPEED) BROWSE INCDIR(.\Co
                    -re\Inc;.\Drivers\Inc) DEBUG OBJECTEXTEND PRINT(.\Listings\wiegand.lst) TABS(2) OBJECT(.\Objects\wiegand.obj)

line level    source

   1          /******************************************************************************
   2           *实现wiegand的读取功能
   3           ******************************************************************************/
   4          #include "wiegand.h"
   5          
   6          /******************************************************************************
   7           *函数名称：initial(void)
   8           *函数功能：中断初始化
   9           *入口函数：无
  10           *出口函数：无
  11           ******************************************************************************/
  12          void initial(void)
  13          {
  14   1          IT0 = 0; // Wiegand-Data0        低电平触发中断
  15   1          EX0 = 1; //外部中断0允许
  16   1          IT1 = 0; // Wiegand-Data1 低电平触发中断
  17   1          EX1 = 1; //外部中断1允许
  18   1          EA = 1;  //开CPU中断
  19   1      }
  20          
  21          /******************************************************************************
  22           *函数名称：udelay(uint num)
  23           *函数功能：延时函数 延时num  us
  24           *入口函数：num
  25           *出口函数：无
  26           ******************************************************************************/
  27          void udelay(uint num) // 假如用51用12m晶振
  28          {
  29   1          while (--num)
  30   1              ;
  31   1      }


MODULE INFORMATION:   STATIC OVERLAYABLE
   CODE SIZE        =     21    ----
   CONSTANT SIZE    =   ----    ----
   XDATA SIZE       =   ----    ----
   PDATA SIZE       =   ----    ----
   DATA SIZE        =   ----    ----
   IDATA SIZE       =   ----    ----
   BIT SIZE         =   ----    ----
END OF MODULE INFORMATION.


C51 COMPILATION COMPLETE.  0 WARNING(S),  0 ERROR(S)
